2025-04-18 23:58:59,589 - INFO - Processing JARU_TOWN_1995-01-01_to_2024-12-31_AOD10_all_points.txt
2025-04-18 23:58:59,617 - INFO - Processing Agri_School_1995-01-01_to_2024-12-31_AOD10_all_points.txt
2025-04-18 23:58:59,617 - WARNING - No header line found in AOD_data_lvl10/Agri_School_1995-01-01_to_2024-12-31_AOD10_all_points.txt
2025-04-18 23:58:59,617 - INFO - Processing Itajuba_1995-01-01_to_2024-12-31_AOD10_all_points.txt
2025-04-18 23:59:02,905 - INFO - Processing Alta_Floresta_1995-01-01_to_2024-12-31_AOD10_all_points.txt
2025-04-18 23:59:14,499 - INFO - Processing Campo_Grande_SONDA_1995-01-01_to_2024-12-31_AOD10_all_points.txt
2025-04-18 23:59:18,716 - INFO - Processing Porto_Nacional_1995-01-01_to_2024-12-31_AOD10_all_points.txt
2025-04-18 23:59:19,495 - INFO - Processing Balbina_1995-01-01_to_2024-12-31_AOD10_all_points.txt
2025-04-18 23:59:21,399 - INFO - Processing Porto_Velho_UNIR_1995-01-01_to_2024-12-31_AOD10_all_points.txt
2025-04-18 23:59:21,961 - INFO - Processing Aguas_Emendadas_1995-01-01_to_2024-12-31_AOD10_all_points.txt
2025-04-18 23:59:22,581 - INFO - Processing Ji_Parana_1995-01-01_to_2024-12-31_AOD10_all_points.txt
2025-04-18 23:59:23,086 - INFO - Processing Sao_Paulo_1995-01-01_to_2024-12-31_AOD10_all_points.txt
2025-04-18 23:59:28,795 - INFO - Processing Jaru_Reserve_1995-01-01_to_2024-12-31_AOD10_all_points.txt
2025-04-18 23:59:29,395 - INFO - Processing Cachoeira_Paulista_1995-01-01_to_2024-12-31_AOD10_all_points.txt
2025-04-18 23:59:31,817 - INFO - Processing Rio_de_Janeiro_UFRJ_1995-01-01_to_2024-12-31_AOD10_all_points.txt
2025-04-18 23:59:32,407 - INFO - Processing Santarem_1995-01-01_to_2024-12-31_AOD10_all_points.txt
2025-04-18 23:59:32,819 - INFO - Processing Chapada_1995-01-01_to_2024-12-31_AOD10_all_points.txt
2025-04-18 23:59:32,819 - WARNING - No header line found in AOD_data_lvl10/Chapada_1995-01-01_to_2024-12-31_AOD10_all_points.txt
2025-04-18 23:59:32,819 - INFO - Processing Park_Brasilia_1995-01-01_to_2024-12-31_AOD10_all_points.txt
2025-04-18 23:59:32,819 - WARNING - No header line found in AOD_data_lvl10/Park_Brasilia_1995-01-01_to_2024-12-31_AOD10_all_points.txt
2025-04-18 23:59:32,820 - INFO - Processing Amazon_ATTO_Tower_1995-01-01_to_2024-12-31_AOD10_all_points.txt
2025-04-18 23:59:38,219 - INFO - Processing Pantanal_1995-01-01_to_2024-12-31_AOD10_all_points.txt
2025-04-18 23:59:38,756 - INFO - Processing SP-EACH_1995-01-01_to_2024-12-31_AOD10_all_points.txt
2025-04-18 23:59:38,757 - ERROR - Error reading file AOD_data_lvl10/SP-EACH_1995-01-01_to_2024-12-31_AOD10_all_points.txt: 'utf-8' codec can't decode byte 0xe1 in position 179: invalid continuation byte
2025-04-18 23:59:38,757 - INFO - Processing Manaus_1995-01-01_to_2024-12-31_AOD10_all_points.txt
2025-04-18 23:59:39,277 - INFO - Processing Sao_Martinho_SONDA_1995-01-01_to_2024-12-31_AOD10_all_points.txt
2025-04-18 23:59:44,649 - INFO - Processing Belterra_1995-01-01_to_2024-12-31_AOD10_all_points.txt
2025-04-18 23:59:46,724 - INFO - Processing Santarem_SONDA_1995-01-01_to_2024-12-31_AOD10_all_points.txt
2025-04-18 23:59:47,323 - INFO - Processing Jaru_1995-01-01_to_2024-12-31_AOD10_all_points.txt
2025-04-18 23:59:47,323 - WARNING - No header line found in AOD_data_lvl10/Jaru_1995-01-01_to_2024-12-31_AOD10_all_points.txt
2025-04-18 23:59:47,323 - INFO - Processing Tukurui_1995-01-01_to_2024-12-31_AOD10_all_points.txt
2025-04-18 23:59:47,874 - INFO - Processing CUIABA-MIRANDA_1995-01-01_to_2024-12-31_AOD10_all_points.txt
2025-04-18 23:59:47,875 - ERROR - Error reading file AOD_data_lvl10/CUIABA-MIRANDA_1995-01-01_to_2024-12-31_AOD10_all_points.txt: 'utf-8' codec can't decode byte 0xe3 in position 197: invalid continuation byte
2025-04-18 23:59:47,875 - INFO - Processing Repressa_Samuel_1995-01-01_to_2024-12-31_AOD10_all_points.txt
2025-04-18 23:59:47,886 - INFO - Processing CAMPO_VERDE_1995-01-01_to_2024-12-31_AOD10_all_points.txt
2025-04-18 23:59:48,271 - INFO - Processing Petrolina_SONDA_1995-01-01_to_2024-12-31_AOD10_all_points.txt
2025-04-18 23:59:51,748 - INFO - Processing Brasilia_SONDA_1995-01-01_to_2024-12-31_AOD10_all_points.txt
2025-04-18 23:59:52,789 - INFO - Processing Brasilia_1995-01-01_to_2024-12-31_AOD10_all_points.txt
2025-04-18 23:59:55,169 - INFO - Processing Ibirapuera_1995-01-01_to_2024-12-31_AOD10_all_points.txt
2025-04-18 23:59:56,418 - INFO - Processing Abracos_Hill_1995-01-01_to_2024-12-31_AOD10_all_points.txt
2025-04-18 23:59:59,634 - INFO - Processing Alta_Floresta_IF_1995-01-01_to_2024-12-31_AOD10_all_points.txt
2025-04-19 00:00:02,435 - INFO - Processing Potosi_Mine_1995-01-01_to_2024-12-31_AOD10_all_points.txt
2025-04-19 00:00:03,223 - INFO - Processing Manaus_EMBRAPA_1995-01-01_to_2024-12-31_AOD10_all_points.txt
2025-04-19 00:00:05,399 - INFO - Processing Cuiaba_1995-01-01_to_2024-12-31_AOD10_all_points.txt
2025-04-19 00:00:06,077 - INFO - Processing JamTown_1995-01-01_to_2024-12-31_AOD10_all_points.txt
2025-04-19 00:00:06,622 - INFO - Processing Porto_Velho_1995-01-01_to_2024-12-31_AOD10_all_points.txt
2025-04-19 00:00:07,292 - INFO - Processing GORDO_rest_1995-01-01_to_2024-12-31_AOD10_all_points.txt
2025-04-19 00:00:07,933 - INFO - Processing Rio_Branco_1995-01-01_to_2024-12-31_AOD10_all_points.txt
2025-04-19 00:00:12,655 - INFO - Processing ARM_Manacapuru_1995-01-01_to_2024-12-31_AOD10_all_points.txt
2025-04-19 00:00:13,505 - INFO - Processing Natal_1995-01-01_to_2024-12-31_AOD10_all_points.txt
2025-04-19 00:00:14,506 - INFO - Processing Ariquiums_1995-01-01_to_2024-12-31_AOD10_all_points.txt
2025-04-19 00:00:15,106 - INFO - Processing Teles_Peres_1995-01-01_to_2024-12-31_AOD10_all_points.txt
2025-04-19 00:00:15,107 - WARNING - No header line found in AOD_data_lvl10/Teles_Peres_1995-01-01_to_2024-12-31_AOD10_all_points.txt
2025-04-19 00:00:15,107 - INFO - Processing Uberlandia_1995-01-01_to_2024-12-31_AOD10_all_points.txt
2025-04-19 00:00:15,568 - INFO - Processing Jamari_1995-01-01_to_2024-12-31_AOD10_all_points.txt
2025-04-19 00:00:15,569 - WARNING - No header line found in AOD_data_lvl10/Jamari_1995-01-01_to_2024-12-31_AOD10_all_points.txt
2025-04-19 00:00:15,569 - INFO - Processing Alianca_1995-01-01_to_2024-12-31_AOD10_all_points.txt
2025-04-19 00:00:16,002 - INFO - Processing Ji_Parana_UNIR_2_1995-01-01_to_2024-12-31_AOD10_all_points.txt
2025-04-19 00:00:16,364 - INFO - Processing ATTO-Campina_1995-01-01_to_2024-12-31_AOD10_all_points.txt
2025-04-19 00:00:19,212 - INFO - Processing Campo_Grande_1995-01-01_to_2024-12-31_AOD10_all_points.txt
2025-04-19 00:00:19,697 - INFO - Processing Ji_Parana_SE_1995-01-01_to_2024-12-31_AOD10_all_points.txt
2025-04-19 00:00:22,641 - INFO - Processing Ji_Parana_UNIR_1995-01-01_to_2024-12-31_AOD10_all_points.txt
2025-04-19 00:00:24,184 - INFO - Processing Ji_Parana_UNIR_1995-01-01_to_2024-12-31_AOD15_all_points.txt
2025-04-19 00:00:25,189 - INFO - Processing Park_Brasilia_1995-01-01_to_2024-12-31_AOD15_all_points.txt
2025-04-19 00:00:25,190 - WARNING - No header line found in AOD_data_lvl15/Park_Brasilia_1995-01-01_to_2024-12-31_AOD15_all_points.txt
2025-04-19 00:00:25,190 - INFO - Processing Belterra_1995-01-01_to_2024-12-31_AOD15_all_points.txt
2025-04-19 00:00:25,936 - INFO - Processing Cachoeira_Paulista_1995-01-01_to_2024-12-31_AOD15_all_points.txt
2025-04-19 00:00:27,008 - INFO - Processing GORDO_rest_1995-01-01_to_2024-12-31_AOD15_all_points.txt
2025-04-19 00:00:27,459 - INFO - Processing CUIABA-MIRANDA_1995-01-01_to_2024-12-31_AOD15_all_points.txt
2025-04-19 00:00:27,459 - ERROR - Error reading file AOD_data_lvl15/CUIABA-MIRANDA_1995-01-01_to_2024-12-31_AOD15_all_points.txt: 'utf-8' codec can't decode byte 0xe3 in position 274: invalid continuation byte
2025-04-19 00:00:27,459 - INFO - Processing Rio_Branco_1995-01-01_to_2024-12-31_AOD15_all_points.txt
2025-04-19 00:00:29,894 - INFO - Processing Manaus_1995-01-01_to_2024-12-31_AOD15_all_points.txt
2025-04-19 00:00:30,308 - INFO - Processing Brasilia_SONDA_1995-01-01_to_2024-12-31_AOD15_all_points.txt
2025-04-19 00:00:30,838 - INFO - Processing Sao_Paulo_1995-01-01_to_2024-12-31_AOD15_all_points.txt
2025-04-19 00:00:33,586 - INFO - Processing Jaru_1995-01-01_to_2024-12-31_AOD15_all_points.txt
2025-04-19 00:00:33,586 - WARNING - No header line found in AOD_data_lvl15/Jaru_1995-01-01_to_2024-12-31_AOD15_all_points.txt
2025-04-19 00:00:33,586 - INFO - Processing ATTO-Campina_1995-01-01_to_2024-12-31_AOD15_all_points.txt
2025-04-19 00:00:34,427 - INFO - Processing Agri_School_1995-01-01_to_2024-12-31_AOD15_all_points.txt
2025-04-19 00:00:34,428 - WARNING - No header line found in AOD_data_lvl15/Agri_School_1995-01-01_to_2024-12-31_AOD15_all_points.txt
2025-04-19 00:00:34,428 - INFO - Processing Porto_Nacional_1995-01-01_to_2024-12-31_AOD15_all_points.txt
2025-04-19 00:00:34,867 - INFO - Processing Abracos_Hill_1995-01-01_to_2024-12-31_AOD15_all_points.txt
2025-04-19 00:00:35,998 - INFO - Processing Repressa_Samuel_1995-01-01_to_2024-12-31_AOD15_all_points.txt
2025-04-19 00:00:36,006 - INFO - Processing Ji_Parana_SE_1995-01-01_to_2024-12-31_AOD15_all_points.txt
2025-04-19 00:00:37,560 - INFO - Processing Campo_Grande_SONDA_1995-01-01_to_2024-12-31_AOD15_all_points.txt
2025-04-19 00:00:39,217 - INFO - Processing Ji_Parana_1995-01-01_to_2024-12-31_AOD15_all_points.txt
2025-04-19 00:00:39,618 - INFO - Processing Sao_Martinho_SONDA_1995-01-01_to_2024-12-31_AOD15_all_points.txt
2025-04-19 00:00:41,623 - INFO - Processing Santarem_SONDA_1995-01-01_to_2024-12-31_AOD15_all_points.txt
2025-04-19 00:00:42,058 - INFO - Processing Porto_Velho_1995-01-01_to_2024-12-31_AOD15_all_points.txt
2025-04-19 00:00:42,466 - INFO - Processing Ji_Parana_UNIR_2_1995-01-01_to_2024-12-31_AOD15_all_points.txt
2025-04-19 00:00:42,923 - INFO - Processing SP-EACH_1995-01-01_to_2024-12-31_AOD15_all_points.txt
2025-04-19 00:00:42,925 - ERROR - Error reading file AOD_data_lvl15/SP-EACH_1995-01-01_to_2024-12-31_AOD15_all_points.txt: 'utf-8' codec can't decode byte 0xe1 in position 256: invalid continuation byte
2025-04-19 00:00:42,925 - INFO - Processing Santarem_1995-01-01_to_2024-12-31_AOD15_all_points.txt
2025-04-19 00:00:43,442 - INFO - Processing Teles_Peres_1995-01-01_to_2024-12-31_AOD15_all_points.txt
2025-04-19 00:00:43,443 - WARNING - No header line found in AOD_data_lvl15/Teles_Peres_1995-01-01_to_2024-12-31_AOD15_all_points.txt
2025-04-19 00:00:43,443 - INFO - Processing Ariquiums_1995-01-01_to_2024-12-31_AOD15_all_points.txt
2025-04-19 00:00:43,828 - INFO - Processing ARM_Manacapuru_1995-01-01_to_2024-12-31_AOD15_all_points.txt
2025-04-19 00:00:44,382 - INFO - Processing Manaus_EMBRAPA_1995-01-01_to_2024-12-31_AOD15_all_points.txt
2025-04-19 00:00:45,080 - INFO - Processing Pantanal_1995-01-01_to_2024-12-31_AOD15_all_points.txt
2025-04-19 00:00:45,507 - INFO - Processing Alta_Floresta_1995-01-01_to_2024-12-31_AOD15_all_points.txt
2025-04-19 00:00:48,563 - INFO - Processing Jaru_Reserve_1995-01-01_to_2024-12-31_AOD15_all_points.txt
2025-04-19 00:00:49,090 - INFO - Processing Amazon_ATTO_Tower_1995-01-01_to_2024-12-31_AOD15_all_points.txt
2025-04-19 00:00:52,242 - INFO - Processing Potosi_Mine_1995-01-01_to_2024-12-31_AOD15_all_points.txt
2025-04-19 00:00:52,644 - INFO - Processing Jamari_1995-01-01_to_2024-12-31_AOD15_all_points.txt
2025-04-19 00:00:52,644 - WARNING - No header line found in AOD_data_lvl15/Jamari_1995-01-01_to_2024-12-31_AOD15_all_points.txt
2025-04-19 00:00:52,645 - INFO - Processing Rio_de_Janeiro_UFRJ_1995-01-01_to_2024-12-31_AOD15_all_points.txt
2025-04-19 00:00:53,097 - INFO - Processing Alianca_1995-01-01_to_2024-12-31_AOD15_all_points.txt
2025-04-19 00:00:53,097 - WARNING - No header line found in AOD_data_lvl15/Alianca_1995-01-01_to_2024-12-31_AOD15_all_points.txt
2025-04-19 00:00:53,097 - INFO - Processing Alta_Floresta_IF_1995-01-01_to_2024-12-31_AOD15_all_points.txt
2025-04-19 00:00:53,652 - INFO - Processing Aguas_Emendadas_1995-01-01_to_2024-12-31_AOD15_all_points.txt
2025-04-19 00:00:54,099 - INFO - Processing Uberlandia_1995-01-01_to_2024-12-31_AOD15_all_points.txt
2025-04-19 00:00:54,550 - INFO - Processing Tukurui_1995-01-01_to_2024-12-31_AOD15_all_points.txt
2025-04-19 00:00:55,014 - INFO - Processing Balbina_1995-01-01_to_2024-12-31_AOD15_all_points.txt
2025-04-19 00:00:55,649 - INFO - Processing JamTown_1995-01-01_to_2024-12-31_AOD15_all_points.txt
2025-04-19 00:00:56,066 - INFO - Processing Porto_Velho_UNIR_1995-01-01_to_2024-12-31_AOD15_all_points.txt
2025-04-19 00:00:56,516 - INFO - Processing Chapada_1995-01-01_to_2024-12-31_AOD15_all_points.txt
2025-04-19 00:00:56,516 - WARNING - No header line found in AOD_data_lvl15/Chapada_1995-01-01_to_2024-12-31_AOD15_all_points.txt
2025-04-19 00:00:56,517 - INFO - Processing Natal_1995-01-01_to_2024-12-31_AOD15_all_points.txt
2025-04-19 00:00:56,935 - INFO - Processing Itajuba_1995-01-01_to_2024-12-31_AOD15_all_points.txt
2025-04-19 00:00:57,905 - INFO - Processing Petrolina_SONDA_1995-01-01_to_2024-12-31_AOD15_all_points.txt
2025-04-19 00:00:59,759 - INFO - Processing Cuiaba_1995-01-01_to_2024-12-31_AOD15_all_points.txt
2025-04-19 00:01:00,318 - INFO - Processing Campo_Grande_1995-01-01_to_2024-12-31_AOD15_all_points.txt
2025-04-19 00:01:00,723 - INFO - Processing Ibirapuera_1995-01-01_to_2024-12-31_AOD15_all_points.txt
2025-04-19 00:01:01,161 - INFO - Processing JARU_TOWN_1995-01-01_to_2024-12-31_AOD15_all_points.txt
2025-04-19 00:01:01,161 - WARNING - No header line found in AOD_data_lvl15/JARU_TOWN_1995-01-01_to_2024-12-31_AOD15_all_points.txt
2025-04-19 00:01:01,161 - INFO - Processing CAMPO_VERDE_1995-01-01_to_2024-12-31_AOD15_all_points.txt
2025-04-19 00:01:01,552 - INFO - Processing Brasilia_1995-01-01_to_2024-12-31_AOD15_all_points.txt
2025-04-19 00:01:02,031 - INFO - Processing Amazon_ATTO_Tower_1995-01-01_to_2024-12-31_AOD20_all_points.txt
2025-04-19 00:01:03,465 - INFO - Processing CUIABA-MIRANDA_1995-01-01_to_2024-12-31_AOD20_all_points.txt
2025-04-19 00:01:03,467 - ERROR - Error reading file AOD_data_lvl20/CUIABA-MIRANDA_1995-01-01_to_2024-12-31_AOD20_all_points.txt: 'utf-8' codec can't decode byte 0xe3 in position 241: invalid continuation byte
2025-04-19 00:01:03,468 - INFO - Processing SP-EACH_1995-01-01_to_2024-12-31_AOD20_all_points.txt
2025-04-19 00:01:03,469 - ERROR - Error reading file AOD_data_lvl20/SP-EACH_1995-01-01_to_2024-12-31_AOD20_all_points.txt: 'utf-8' codec can't decode byte 0xe1 in position 223: invalid continuation byte
2025-04-19 00:01:03,469 - INFO - Processing Park_Brasilia_1995-01-01_to_2024-12-31_AOD20_all_points.txt
2025-04-19 00:01:03,470 - WARNING - No header line found in AOD_data_lvl20/Park_Brasilia_1995-01-01_to_2024-12-31_AOD20_all_points.txt
2025-04-19 00:01:03,470 - INFO - Processing Ji_Parana_1995-01-01_to_2024-12-31_AOD20_all_points.txt
2025-04-19 00:01:03,832 - INFO - Processing Belterra_1995-01-01_to_2024-12-31_AOD20_all_points.txt
2025-04-19 00:01:04,525 - INFO - Processing Campo_Grande_1995-01-01_to_2024-12-31_AOD20_all_points.txt
2025-04-19 00:01:04,859 - INFO - Processing JamTown_1995-01-01_to_2024-12-31_AOD20_all_points.txt
2025-04-19 00:01:05,332 - INFO - Processing Porto_Velho_UNIR_1995-01-01_to_2024-12-31_AOD20_all_points.txt
2025-04-19 00:01:05,729 - INFO - Processing Jamari_1995-01-01_to_2024-12-31_AOD20_all_points.txt
2025-04-19 00:01:05,731 - WARNING - No header line found in AOD_data_lvl20/Jamari_1995-01-01_to_2024-12-31_AOD20_all_points.txt
2025-04-19 00:01:05,732 - INFO - Processing CAMPO_VERDE_1995-01-01_to_2024-12-31_AOD20_all_points.txt
2025-04-19 00:01:06,156 - INFO - Processing Alta_Floresta_1995-01-01_to_2024-12-31_AOD20_all_points.txt
2025-04-19 00:01:08,216 - INFO - Processing ATTO-Campina_1995-01-01_to_2024-12-31_AOD20_all_points.txt
2025-04-19 00:01:08,844 - INFO - Processing Rio_Branco_1995-01-01_to_2024-12-31_AOD20_all_points.txt
2025-04-19 00:01:10,874 - INFO - Processing GORDO_rest_1995-01-01_to_2024-12-31_AOD20_all_points.txt
2025-04-19 00:01:11,339 - INFO - Processing Tukurui_1995-01-01_to_2024-12-31_AOD20_all_points.txt
2025-04-19 00:01:11,770 - INFO - Processing Teles_Peres_1995-01-01_to_2024-12-31_AOD20_all_points.txt
2025-04-19 00:01:11,771 - WARNING - No header line found in AOD_data_lvl20/Teles_Peres_1995-01-01_to_2024-12-31_AOD20_all_points.txt
2025-04-19 00:01:11,771 - INFO - Processing Alta_Floresta_IF_1995-01-01_to_2024-12-31_AOD20_all_points.txt
2025-04-19 00:01:12,239 - INFO - Processing Natal_1995-01-01_to_2024-12-31_AOD20_all_points.txt
2025-04-19 00:01:12,635 - INFO - Processing Ibirapuera_1995-01-01_to_2024-12-31_AOD20_all_points.txt
2025-04-19 00:01:13,047 - INFO - Processing Uberlandia_1995-01-01_to_2024-12-31_AOD20_all_points.txt
2025-04-19 00:01:13,444 - INFO - Processing Aguas_Emendadas_1995-01-01_to_2024-12-31_AOD20_all_points.txt
2025-04-19 00:01:13,928 - INFO - Processing Pantanal_1995-01-01_to_2024-12-31_AOD20_all_points.txt
2025-04-19 00:01:14,283 - INFO - Processing Brasilia_1995-01-01_to_2024-12-31_AOD20_all_points.txt
2025-04-19 00:01:14,727 - INFO - Processing Balbina_1995-01-01_to_2024-12-31_AOD20_all_points.txt
2025-04-19 00:01:15,704 - INFO - Processing Itajuba_1995-01-01_to_2024-12-31_AOD20_all_points.txt
2025-04-19 00:01:16,483 - INFO - Processing Manaus_1995-01-01_to_2024-12-31_AOD20_all_points.txt
2025-04-19 00:01:16,854 - INFO - Processing Chapada_1995-01-01_to_2024-12-31_AOD20_all_points.txt
2025-04-19 00:01:16,856 - WARNING - No header line found in AOD_data_lvl20/Chapada_1995-01-01_to_2024-12-31_AOD20_all_points.txt
2025-04-19 00:01:16,857 - INFO - Processing Repressa_Samuel_1995-01-01_to_2024-12-31_AOD20_all_points.txt
2025-04-19 00:01:16,857 - WARNING - No header line found in AOD_data_lvl20/Repressa_Samuel_1995-01-01_to_2024-12-31_AOD20_all_points.txt
2025-04-19 00:01:16,857 - INFO - Processing Petrolina_SONDA_1995-01-01_to_2024-12-31_AOD20_all_points.txt
2025-04-19 00:01:18,362 - INFO - Processing JARU_TOWN_1995-01-01_to_2024-12-31_AOD20_all_points.txt
2025-04-19 00:01:18,364 - WARNING - No header line found in AOD_data_lvl20/JARU_TOWN_1995-01-01_to_2024-12-31_AOD20_all_points.txt
2025-04-19 00:01:18,364 - INFO - Processing Manaus_EMBRAPA_1995-01-01_to_2024-12-31_AOD20_all_points.txt
2025-04-19 00:01:19,212 - INFO - Processing Jaru_1995-01-01_to_2024-12-31_AOD20_all_points.txt
2025-04-19 00:01:19,214 - WARNING - No header line found in AOD_data_lvl20/Jaru_1995-01-01_to_2024-12-31_AOD20_all_points.txt
2025-04-19 00:01:19,214 - INFO - Processing Ariquiums_1995-01-01_to_2024-12-31_AOD20_all_points.txt
2025-04-19 00:01:19,588 - INFO - Processing Porto_Velho_1995-01-01_to_2024-12-31_AOD20_all_points.txt
2025-04-19 00:01:20,008 - INFO - Processing Ji_Parana_UNIR_1995-01-01_to_2024-12-31_AOD20_all_points.txt
2025-04-19 00:01:20,657 - INFO - Processing Porto_Nacional_1995-01-01_to_2024-12-31_AOD20_all_points.txt
2025-04-19 00:01:21,110 - INFO - Processing Cachoeira_Paulista_1995-01-01_to_2024-12-31_AOD20_all_points.txt
2025-04-19 00:01:21,812 - INFO - Processing Potosi_Mine_1995-01-01_to_2024-12-31_AOD20_all_points.txt
2025-04-19 00:01:22,219 - INFO - Processing Sao_Martinho_SONDA_1995-01-01_to_2024-12-31_AOD20_all_points.txt
2025-04-19 00:01:25,044 - INFO - Processing Rio_de_Janeiro_UFRJ_1995-01-01_to_2024-12-31_AOD20_all_points.txt
2025-04-19 00:01:25,547 - INFO - Processing Campo_Grande_SONDA_1995-01-01_to_2024-12-31_AOD20_all_points.txt
2025-04-19 00:01:27,347 - INFO - Processing Alianca_1995-01-01_to_2024-12-31_AOD20_all_points.txt
2025-04-19 00:01:27,349 - WARNING - No header line found in AOD_data_lvl20/Alianca_1995-01-01_to_2024-12-31_AOD20_all_points.txt
2025-04-19 00:01:27,350 - INFO - Processing Santarem_1995-01-01_to_2024-12-31_AOD20_all_points.txt
2025-04-19 00:01:27,780 - INFO - Processing Sao_Paulo_1995-01-01_to_2024-12-31_AOD20_all_points.txt
2025-04-19 00:01:29,516 - INFO - Processing Ji_Parana_SE_1995-01-01_to_2024-12-31_AOD20_all_points.txt
2025-04-19 00:01:31,434 - INFO - Processing ARM_Manacapuru_1995-01-01_to_2024-12-31_AOD20_all_points.txt
2025-04-19 00:01:32,021 - INFO - Processing Brasilia_SONDA_1995-01-01_to_2024-12-31_AOD20_all_points.txt
2025-04-19 00:01:32,682 - INFO - Processing Jaru_Reserve_1995-01-01_to_2024-12-31_AOD20_all_points.txt
2025-04-19 00:01:33,157 - INFO - Processing Santarem_SONDA_1995-01-01_to_2024-12-31_AOD20_all_points.txt
2025-04-19 00:01:33,160 - WARNING - No header line found in AOD_data_lvl20/Santarem_SONDA_1995-01-01_to_2024-12-31_AOD20_all_points.txt
2025-04-19 00:01:33,160 - INFO - Processing Abracos_Hill_1995-01-01_to_2024-12-31_AOD20_all_points.txt
2025-04-19 00:01:34,242 - INFO - Processing Cuiaba_1995-01-01_to_2024-12-31_AOD20_all_points.txt
2025-04-19 00:01:34,704 - INFO - Processing Agri_School_1995-01-01_to_2024-12-31_AOD20_all_points.txt
2025-04-19 00:01:34,704 - WARNING - No header line found in AOD_data_lvl20/Agri_School_1995-01-01_to_2024-12-31_AOD20_all_points.txt
2025-04-19 00:01:34,704 - INFO - Processing Ji_Parana_UNIR_2_1995-01-01_to_2024-12-31_AOD20_all_points.txt
